__main__ - INFO - Checking for the name of the labelframe in configfile
__main__ - INFO - Config file exists, using existing one!
__main__ - INFO - 20th is a weekday, so returns 20.
__main__ - INFO - Main body successfully initzialised!
__main__ - INFO - Completed configuring logger(), and class is initsialized!
__main__ - INFO - Checking for the name of the labelframe in configfile
__main__ - INFO - Config file exists, using existing one!
__main__ - INFO - 20th is a weekday, so returns 20.
__main__ - INFO - Main body successfully initzialised!
__main__ - INFO - Completed configuring logger(), and class is initialized!
__main__ - INFO - Checking for the name of the labelframe in configfile
__main__ - INFO - Config file exists, using existing one!
__main__ - INFO - 20th is a weekday, so returns 20.
__main__ - INFO - Completed configuring logger(), and class is initialized!
__main__ - INFO - Checking for the name of the labelframe in configfile
__main__ - INFO - Config file exists, using existing one!
__main__ - INFO - 20th is a weekday, so returns 20.
__main__ - INFO - Completed configuring logger(), and class is initialized!
__main__ - INFO - Checking for the name of the labelframe in configfile
__main__ - INFO - Config file exists, using existing one!
__main__ - INFO - 20th is a weekday, so returns 20.
__main__ - INFO - Completed configuring logger(), and class is initialized!
__main__ - INFO - Checking for the name of the labelframe in configfile
__main__ - INFO - Config file exists, using existing one!
__main__ - INFO - 20th is a weekday, so returns 20.
__main__ - INFO - Completed configuring logger(), and class is initialized!
__main__ - INFO - Checking for the name of the labelframe in configfile
__main__ - INFO - Config file exists, using existing one!
__main__ - INFO - 20th is a weekday, so returns 20.
__main__ - INFO - Completed configuring logger(), and class is initialized!
__main__ - INFO - Checking for the name of the labelframe in configfile
__main__ - INFO - Config file exists, using existing one!
__main__ - INFO - 20th is a weekday, so returns 20.
__main__ - INFO - Completed configuring logger(), and class is initialized!
__main__ - INFO - Checking for the name of the labelframe in configfile
__main__ - INFO - Config file exists, using existing one!
__main__ - INFO - 20th is a weekday, so returns 20.
__main__ - INFO - Completed configuring logger(), and class is initialized!
__main__ - INFO - Excel file does not exist, creating new one!
__main__ - INFO - Happy new year! Writing new year to config and returning 1.
__main__ - INFO - Excel file does not exist, creating new one!
__main__ - CRITICAL - Saving of excel file failed!
__main__ - INFO - Checking for the name of the labelframe in configfile
__main__ - INFO - Config file exists, using existing one!
__main__ - INFO - 20th is a weekday, so returns 20.
__main__ - INFO - Completed configuring logger(), and class is initialized!
__main__ - INFO - Same old year, returning 0.
__main__ - INFO - Same old year, returning 0.
__main__ - INFO - Excel file exist, writing results to it!
